Compiling the CXX compiler identification source file "CMakeCXXCompilerId.cpp" failed.
Compiler: C:/MinGW/bin/g++.exe 
Build flags: 
Id flags:  

The output was:
1


Compiling the CXX compiler identification source file "CMakeCXXCompilerId.cpp" failed.
Compiler: C:/MinGW/bin/g++.exe 
Build flags: 
Id flags: -c 

The output was:
1


Compiling the CXX compiler identification source file "CMakeCXXCompilerId.cpp" failed.
Compiler: C:/MinGW/bin/g++.exe 
Build flags: 
Id flags: --c++ 

The output was:
1
g++.exe: error: unrecognized command line option '--c++'


Compiling the CXX compiler identification source file "CMakeCXXCompilerId.cpp" failed.
Compiler: C:/MinGW/bin/g++.exe 
Build flags: 
Id flags: --ec++ 

The output was:
1
g++.exe: error: unrecognized command line option '--ec++'; did you mean '-Weffc++'?


Compiling the CXX compiler identification source file "CMakeCXXCompilerId.cpp" failed.
Compiler: C:/MinGW/bin/g++.exe 
Build flags: 
Id flags: --target=arm-arm-none-eabi;-mcpu=cortex-m3 

The output was:
1
g++.exe: warning: '-mcpu=' is deprecated; use '-mtune=' or '-march=' instead


Compiling the CXX compiler identification source file "CMakeCXXCompilerId.cpp" failed.
Compiler: C:/MinGW/bin/g++.exe 
Build flags: 
Id flags: -c;-I__does_not_exist__ 

The output was:
1


Compiling the CXX compiler identification source file "CMakeCXXCompilerId.cpp" failed.
Compiler: C:/MinGW/bin/g++.exe 
Build flags: 
Id flags:  

The output was:
1


Compiling the CXX compiler identification source file "CMakeCXXCompilerId.cpp" failed.
Compiler: C:/MinGW/bin/g++.exe 
Build flags: 
Id flags: -c 

The output was:
1


Compiling the CXX compiler identification source file "CMakeCXXCompilerId.cpp" failed.
Compiler: C:/MinGW/bin/g++.exe 
Build flags: 
Id flags: --c++ 

The output was:
1
g++.exe: error: unrecognized command line option '--c++'


Compiling the CXX compiler identification source file "CMakeCXXCompilerId.cpp" failed.
Compiler: C:/MinGW/bin/g++.exe 
Build flags: 
Id flags: --ec++ 

The output was:
1
g++.exe: error: unrecognized command line option '--ec++'; did you mean '-Weffc++'?


Compiling the CXX compiler identification source file "CMakeCXXCompilerId.cpp" failed.
Compiler: C:/MinGW/bin/g++.exe 
Build flags: 
Id flags: --target=arm-arm-none-eabi;-mcpu=cortex-m3 

The output was:
1
g++.exe: warning: '-mcpu=' is deprecated; use '-mtune=' or '-march=' instead


Compiling the CXX compiler identification source file "CMakeCXXCompilerId.cpp" failed.
Compiler: C:/MinGW/bin/g++.exe 
Build flags: 
Id flags: -c;-I__does_not_exist__ 

The output was:
1


Checking whether the CXX compiler is IAR using "" did not match "IAR .+ Compiler":
g++.exe: fatal error: no input files
compilation terminated.
Checking whether the CXX compiler is IAR using "" did not match "IAR .+ Compiler":
g++.exe: fatal error: no input files
compilation terminated.
Detecting CXX compiler ABI info failed to compile with the following output:
Change Dir: A:/CERTYFIKATY/CertAutoMake/build/CMakeFiles/CMakeTmp

Run Build Command(s):C:/MinGW/bin/mingw32-make.exe -f Makefile cmTC_e25b3/fast && C:/MinGW/bin/mingw32-make.exe  -f CMakeFiles\cmTC_e25b3.dir\build.make CMakeFiles/cmTC_e25b3.dir/build
mingw32-make.exe[1]: Entering directory 'A:/CERTYFIKATY/CertAutoMake/build/CMakeFiles/CMakeTmp'
Building CXX object CMakeFiles/cmTC_e25b3.dir/CMakeCXXCompilerABI.cpp.obj
C:\MinGW\bin\g++.exe    -o CMakeFiles\cmTC_e25b3.dir\CMakeCXXCompilerABI.cpp.obj -c "C:\Program Files\CMake\share\cmake-3.23\Modules\CMakeCXXCompilerABI.cpp"
CMakeFiles\cmTC_e25b3.dir\build.make:76: recipe for target 'CMakeFiles/cmTC_e25b3.dir/CMakeCXXCompilerABI.cpp.obj' failed
mingw32-make.exe[1]: *** [CMakeFiles/cmTC_e25b3.dir/CMakeCXXCompilerABI.cpp.obj] Error 1
mingw32-make.exe[1]: Leaving directory 'A:/CERTYFIKATY/CertAutoMake/build/CMakeFiles/CMakeTmp'
Makefile:126: recipe for target 'cmTC_e25b3/fast' failed
mingw32-make.exe: *** [cmTC_e25b3/fast] Error 2




Determining if the CXX compiler works failed with the following output:
Change Dir: A:/CERTYFIKATY/CertAutoMake/build/CMakeFiles/CMakeTmp

Run Build Command(s):C:/MinGW/bin/mingw32-make.exe -f Makefile cmTC_b8598/fast && C:/MinGW/bin/mingw32-make.exe  -f CMakeFiles\cmTC_b8598.dir\build.make CMakeFiles/cmTC_b8598.dir/build
mingw32-make.exe[1]: Entering directory 'A:/CERTYFIKATY/CertAutoMake/build/CMakeFiles/CMakeTmp'
Building CXX object CMakeFiles/cmTC_b8598.dir/testCXXCompiler.cxx.obj
C:\MinGW\bin\g++.exe    -o CMakeFiles\cmTC_b8598.dir\testCXXCompiler.cxx.obj -c A:\CERTYFIKATY\CertAutoMake\build\CMakeFiles\CMakeTmp\testCXXCompiler.cxx
CMakeFiles\cmTC_b8598.dir\build.make:76: recipe for target 'CMakeFiles/cmTC_b8598.dir/testCXXCompiler.cxx.obj' failed
mingw32-make.exe[1]: *** [CMakeFiles/cmTC_b8598.dir/testCXXCompiler.cxx.obj] Error 1
mingw32-make.exe[1]: Leaving directory 'A:/CERTYFIKATY/CertAutoMake/build/CMakeFiles/CMakeTmp'
Makefile:126: recipe for target 'cmTC_b8598/fast' failed
mingw32-make.exe: *** [cmTC_b8598/fast] Error 2



